<?xml version="1.0" encoding="UTF-8"?>
<testng-results ignored="0" total="1" passed="1" failed="0" skipped="0">
  <reporter-output>
  </reporter-output>
  <suite started-at="2025-10-17T11:59:05 IST" name="Suite" finished-at="2025-10-17T11:59:32 IST" duration-ms="26278">
    <groups>
      <group name="cucumber">
        <method signature="AbstractTestNGCucumberTests.runScenario(io.cucumber.testng.PickleWrapper,io.cucumber.testng.FeatureWrapper)[pri:0, instance:Execution.Runnerclass@436813f3]" name="runScenario" class="io.cucumber.testng.AbstractTestNGCucumberTests"/>
      </group> <!-- cucumber -->
    </groups>
    <test started-at="2025-10-17T11:59:05 IST" name="Test" finished-at="2025-10-17T11:59:32 IST" duration-ms="26278">
      <class name="Execution.Runnerclass">
        <test-method is-config="true" signature="setUpClass(org.testng.ITestContext)[pri:0, instance:Execution.Runnerclass@436813f3]" started-at="2025-10-17T11:59:05 IST" name="setUpClass" finished-at="2025-10-17T11:59:06 IST" duration-ms="691" status="PASS">
          <params>
            <param index="0">
              <value>
                <![CDATA[org.testng.TestRunner@2296127]]>
              </value>
            </param>
          </params>
          <reporter-output>
          </reporter-output>
        </test-method> <!-- setUpClass -->
        <test-method signature="runScenario(io.cucumber.testng.PickleWrapper,io.cucumber.testng.FeatureWrapper)[pri:0, instance:Execution.Runnerclass@436813f3]" started-at="2025-10-17T11:59:06 IST" name="runScenario" description="Runs Cucumber Scenarios" data-provider="scenarios" finished-at="2025-10-17T11:59:30 IST" duration-ms="24170" status="PASS">
          <params>
            <param index="0">
              <value>
                <![CDATA["Verify that user should get able to update the profile by uploading resume"]]>
              </value>
            </param>
            <param index="1">
              <value>
                <![CDATA["Updating Naukri Profile Automatically"]]>
              </value>
            </param>
          </params>
          <reporter-output>
          </reporter-output>
        </test-method> <!-- runScenario -->
        <test-method is-config="true" signature="tearDownClass()[pri:0, instance:Execution.Runnerclass@436813f3]" started-at="2025-10-17T11:59:30 IST" name="tearDownClass" finished-at="2025-10-17T11:59:32 IST" duration-ms="1369" status="PASS">
          <reporter-output>
          </reporter-output>
        </test-method> <!-- tearDownClass -->
      </class> <!-- Execution.Runnerclass -->
    </test> <!-- Test -->
  </suite> <!-- Suite -->
</testng-results>
