<?xml version="1.0" encoding="UTF-8"?>
<testng-results ignored="0" total="1" passed="1" failed="0" skipped="0">
  <reporter-output>
  </reporter-output>
  <suite started-at="2025-10-07T09:43:05 IST" name="Suite" finished-at="2025-10-07T09:43:08 IST" duration-ms="3385">
    <groups>
      <group name="cucumber">
        <method signature="AbstractTestNGCucumberTests.runScenario(io.cucumber.testng.PickleWrapper,io.cucumber.testng.FeatureWrapper)[pri:0, instance:Execution.Runnerclass@436813f3]" name="runScenario" class="io.cucumber.testng.AbstractTestNGCucumberTests"/>
      </group> <!-- cucumber -->
    </groups>
    <test started-at="2025-10-07T09:43:05 IST" name="Test" finished-at="2025-10-07T09:43:08 IST" duration-ms="3385">
      <class name="Execution.Runnerclass">
        <test-method is-config="true" signature="setUpClass(org.testng.ITestContext)[pri:0, instance:Execution.Runnerclass@436813f3]" started-at="2025-10-07T09:43:05 IST" name="setUpClass" finished-at="2025-10-07T09:43:05 IST" duration-ms="196" status="PASS">
          <params>
            <param index="0">
              <value>
                <![CDATA[org.testng.TestRunner@7a94b64e]]>
              </value>
            </param>
          </params>
          <reporter-output>
          </reporter-output>
        </test-method> <!-- setUpClass -->
        <test-method signature="runScenario(io.cucumber.testng.PickleWrapper,io.cucumber.testng.FeatureWrapper)[pri:0, instance:Execution.Runnerclass@436813f3]" started-at="2025-10-07T09:43:05 IST" name="runScenario" description="Runs Cucumber Scenarios" data-provider="scenarios" finished-at="2025-10-07T09:43:08 IST" duration-ms="3150" status="PASS">
          <params>
            <param index="0">
              <value>
                <![CDATA["Successful login with valid credentials"]]>
              </value>
            </param>
            <param index="1">
              <value>
                <![CDATA["verify Swag Labs"]]>
              </value>
            </param>
          </params>
          <reporter-output>
          </reporter-output>
        </test-method> <!-- runScenario -->
        <test-method is-config="true" signature="tearDownClass()[pri:0, instance:Execution.Runnerclass@436813f3]" started-at="2025-10-07T09:43:08 IST" name="tearDownClass" finished-at="2025-10-07T09:43:08 IST" duration-ms="0" status="PASS">
          <reporter-output>
          </reporter-output>
        </test-method> <!-- tearDownClass -->
      </class> <!-- Execution.Runnerclass -->
    </test> <!-- Test -->
  </suite> <!-- Suite -->
</testng-results>
