<?xml version="1.0" encoding="UTF-8"?>
<testng-results ignored="0" total="1" passed="1" failed="0" skipped="0">
  <reporter-output>
  </reporter-output>
  <suite started-at="2025-10-15T19:37:58 IST" name="Default suite" finished-at="2025-10-15T19:38:24 IST" duration-ms="26400">
    <groups>
      <group name="cucumber">
        <method signature="AbstractTestNGCucumberTests.runScenario(io.cucumber.testng.PickleWrapper,io.cucumber.testng.FeatureWrapper)[pri:0, instance:Execution.Runnerclass@70ed52de]" name="runScenario" class="io.cucumber.testng.AbstractTestNGCucumberTests"/>
      </group> <!-- cucumber -->
    </groups>
    <test started-at="2025-10-15T19:37:58 IST" name="Default test" finished-at="2025-10-15T19:38:24 IST" duration-ms="26400">
      <class name="Execution.Runnerclass">
        <test-method is-config="true" signature="setUpClass(org.testng.ITestContext)[pri:0, instance:Execution.Runnerclass@70ed52de]" started-at="2025-10-15T19:37:58 IST" name="setUpClass" finished-at="2025-10-15T19:37:59 IST" duration-ms="936" status="PASS">
          <params>
            <param index="0">
              <value>
                <![CDATA[org.testng.TestRunner@995ad50]]>
              </value>
            </param>
          </params>
          <reporter-output>
          </reporter-output>
        </test-method> <!-- setUpClass -->
        <test-method signature="runScenario(io.cucumber.testng.PickleWrapper,io.cucumber.testng.FeatureWrapper)[pri:0, instance:Execution.Runnerclass@70ed52de]" started-at="2025-10-15T19:37:59 IST" name="runScenario" description="Runs Cucumber Scenarios" data-provider="scenarios" finished-at="2025-10-15T19:38:23 IST" duration-ms="23821" status="PASS">
          <params>
            <param index="0">
              <value>
                <![CDATA["Verify that user should get able to update the profile by uploading resume"]]>
              </value>
            </param>
            <param index="1">
              <value>
                <![CDATA["Updating Naukri Profile Automatically"]]>
              </value>
            </param>
          </params>
          <reporter-output>
          </reporter-output>
        </test-method> <!-- runScenario -->
        <test-method is-config="true" signature="tearDownClass()[pri:0, instance:Execution.Runnerclass@70ed52de]" started-at="2025-10-15T19:38:23 IST" name="tearDownClass" finished-at="2025-10-15T19:38:24 IST" duration-ms="1592" status="PASS">
          <reporter-output>
          </reporter-output>
        </test-method> <!-- tearDownClass -->
      </class> <!-- Execution.Runnerclass -->
    </test> <!-- Default test -->
  </suite> <!-- Default suite -->
</testng-results>
